
> frontend@0.1.0 start
> craco start

Starting the development server...

Compiled with warnings.

[eslint] 
src\components\PreviewPanel.js
  Line 38:9:  The 'pipeline' logical expression could make the dependencies of useCallback Hook (at line 58) change on every render. To fix this, wrap the initialization of 'pipeline' in its own useMemo() Hook  react-hooks/exhaustive-deps
  Line 68:6:  React Hook useEffect has missing dependencies: 'TAB_STAGE_MAP', 'stageData.backend_generation', and 'stageData.frontend_generation'. Either include them or remove the dependency array              react-hooks/exhaustive-deps
  Line 75:6:  React Hook useEffect has a missing dependency: 'stageData.architecture'. Either include it or remove the dependency array                                                                            react-hooks/exhaustive-deps

src\pages\ProjectBuilder.js
  Line 70:6:  React Hook useEffect has a missing dependency: 'project'. Either include it or remove the dependency array  react-hooks/exhaustive-deps

Search for the keywords to learn more about each warning.
To ignore, add // eslint-disable-next-line to the line before.

[1m[33mWARNING[39m[22m in [1m[eslint] 
src\components\PreviewPanel.js
  Line 38:9:  The 'pipeline' logical expression could make the dependencies of useCallback Hook (at line 58) change on every render. To fix this, wrap the initialization of 'pipeline' in its own useMemo() Hook  react-hooks/exhaustive-deps
  Line 68:6:  React Hook useEffect has missing dependencies: 'TAB_STAGE_MAP', 'stageData.backend_generation', and 'stageData.frontend_generation'. Either include them or remove the dependency array              react-hooks/exhaustive-deps
  Line 75:6:  React Hook useEffect has a missing dependency: 'stageData.architecture'. Either include it or remove the dependency array                                                                            react-hooks/exhaustive-deps

src\pages\ProjectBuilder.js
  Line 70:6:  React Hook useEffect has a missing dependency: 'project'. Either include it or remove the dependency array  react-hooks/exhaustive-deps

[39m[22m

webpack compiled with [1m[33m1 warning[39m[22m
